[0.410s] DEBUG:colcon:Command line arguments: ['/usr/bin/colcon', 'build', '--packages-select', 'cpp_pubsub']
[0.411s] DEBUG:colcon:Parsed command line arguments: Namespace(log_base=None, log_level=None, verb_name='build', build_base='build', install_base='install', merge_install=False, symlink_install=False, test_result_base=None, continue_on_error=False, executor='parallel', parallel_workers=12, event_handlers=None, ignore_user_meta=False, metas=['./colcon.meta'], base_paths=['.'], packages_ignore=None, packages_ignore_regex=None, paths=None, packages_up_to=None, packages_up_to_regex=None, packages_above=None, packages_above_and_dependencies=None, packages_above_depth=None, packages_select_by_dep=None, packages_skip_by_dep=None, packages_skip_up_to=None, packages_select_build_failed=False, packages_skip_build_finished=False, packages_select_test_failures=False, packages_skip_test_passed=False, packages_select=['cpp_pubsub'], packages_skip=None, packages_select_regex=None, packages_skip_regex=None, packages_start=None, packages_end=None, allow_overriding=[], cmake_args=None, cmake_target=None, cmake_target_skip_unavailable=False, cmake_clean_cache=False, cmake_clean_first=False, cmake_force_configure=False, ament_cmake_args=None, catkin_cmake_args=None, catkin_skip_building_tests=False, verb_parser=<colcon_defaults.argument_parser.defaults.DefaultArgumentsDecorator object at 0x7fb1982d5d20>, verb_extension=<colcon_core.verb.build.BuildVerb object at 0x7fb1983e3be0>, main=<bound method BuildVerb.main of <colcon_core.verb.build.BuildVerb object at 0x7fb1983e3be0>>)
[0.475s] Level 1:colcon.colcon_core.package_discovery:discover_packages(colcon_meta) check parameters
[0.475s] Level 1:colcon.colcon_core.package_discovery:discover_packages(recursive) check parameters
[0.475s] Level 1:colcon.colcon_core.package_discovery:discover_packages(ignore) check parameters
[0.475s] Level 1:colcon.colcon_core.package_discovery:discover_packages(path) check parameters
[0.475s] Level 1:colcon.colcon_core.package_discovery:discover_packages(colcon_meta) discover
[0.475s] Level 1:colcon.colcon_core.package_discovery:discover_packages(recursive) discover
[0.475s] INFO:colcon.colcon_core.package_discovery:Crawling recursively for packages in '/home/irman/Documents/Programming/CPP/Dagozilla/ROS'
[0.475s] Level 1:colcon.colcon_core.package_identification:_identify(.) by extensions ['ignore', 'ignore_ament_install']
[0.475s] Level 1:colcon.colcon_core.package_identification:_identify(.) by extension 'ignore'
[0.475s] Level 1:colcon.colcon_core.package_identification:_identify(.) by extension 'ignore_ament_install'
[0.476s] Level 1:colcon.colcon_core.package_identification:_identify(.) by extensions ['colcon_pkg']
[0.476s] Level 1:colcon.colcon_core.package_identification:_identify(.) by extension 'colcon_pkg'
[0.476s] Level 1:colcon.colcon_core.package_identification:_identify(.) by extensions ['colcon_meta']
[0.476s] Level 1:colcon.colcon_core.package_identification:_identify(.) by extension 'colcon_meta'
[0.476s] Level 1:colcon.colcon_core.package_identification:_identify(.) by extensions ['ros']
[0.476s] Level 1:colcon.colcon_core.package_identification:_identify(.) by extension 'ros'
[0.493s] Level 1:colcon.colcon_core.package_identification:_identify(.) by extensions ['cmake', 'python']
[0.493s] Level 1:colcon.colcon_core.package_identification:_identify(.) by extension 'cmake'
[0.493s] Level 1:colcon.colcon_core.package_identification:_identify(.) by extension 'python'
[0.493s] Level 1:colcon.colcon_core.package_identification:_identify(.) by extensions ['python_setup_py']
[0.493s] Level 1:colcon.colcon_core.package_identification:_identify(.) by extension 'python_setup_py'
[0.494s] Level 1:colcon.colcon_core.package_identification:_identify(build) by extensions ['ignore', 'ignore_ament_install']
[0.494s] Level 1:colcon.colcon_core.package_identification:_identify(build) by extension 'ignore'
[0.494s] Level 1:colcon.colcon_core.package_identification:_identify(build) ignored
[0.494s] Level 1:colcon.colcon_core.package_identification:_identify(install) by extensions ['ignore', 'ignore_ament_install']
[0.494s] Level 1:colcon.colcon_core.package_identification:_identify(install) by extension 'ignore'
[0.494s] Level 1:colcon.colcon_core.package_identification:_identify(install) ignored
[0.494s] Level 1:colcon.colcon_core.package_identification:_identify(log) by extensions ['ignore', 'ignore_ament_install']
[0.494s] Level 1:colcon.colcon_core.package_identification:_identify(log) by extension 'ignore'
[0.494s] Level 1:colcon.colcon_core.package_identification:_identify(log) ignored
[0.494s] Level 1:colcon.colcon_core.package_identification:_identify(src) by extensions ['ignore', 'ignore_ament_install']
[0.495s] Level 1:colcon.colcon_core.package_identification:_identify(src) by extension 'ignore'
[0.495s] Level 1:colcon.colcon_core.package_identification:_identify(src) by extension 'ignore_ament_install'
[0.495s] Level 1:colcon.colcon_core.package_identification:_identify(src) by extensions ['colcon_pkg']
[0.495s] Level 1:colcon.colcon_core.package_identification:_identify(src) by extension 'colcon_pkg'
[0.495s] Level 1:colcon.colcon_core.package_identification:_identify(src) by extensions ['colcon_meta']
[0.495s] Level 1:colcon.colcon_core.package_identification:_identify(src) by extension 'colcon_meta'
[0.495s] Level 1:colcon.colcon_core.package_identification:_identify(src) by extensions ['ros']
[0.495s] Level 1:colcon.colcon_core.package_identification:_identify(src) by extension 'ros'
[0.495s] Level 1:colcon.colcon_core.package_identification:_identify(src) by extensions ['cmake', 'python']
[0.495s] Level 1:colcon.colcon_core.package_identification:_identify(src) by extension 'cmake'
[0.495s] Level 1:colcon.colcon_core.package_identification:_identify(src) by extension 'python'
[0.495s] Level 1:colcon.colcon_core.package_identification:_identify(src) by extensions ['python_setup_py']
[0.495s] Level 1:colcon.colcon_core.package_identification:_identify(src) by extension 'python_setup_py'
[0.495s] Level 1:colcon.colcon_core.package_identification:_identify(src/cpp_pubsub) by extensions ['ignore', 'ignore_ament_install']
[0.495s] Level 1:colcon.colcon_core.package_identification:_identify(src/cpp_pubsub) by extension 'ignore'
[0.496s] Level 1:colcon.colcon_core.package_identification:_identify(src/cpp_pubsub) by extension 'ignore_ament_install'
[0.496s] Level 1:colcon.colcon_core.package_identification:_identify(src/cpp_pubsub) by extensions ['colcon_pkg']
[0.496s] Level 1:colcon.colcon_core.package_identification:_identify(src/cpp_pubsub) by extension 'colcon_pkg'
[0.496s] Level 1:colcon.colcon_core.package_identification:_identify(src/cpp_pubsub) by extensions ['colcon_meta']
[0.496s] Level 1:colcon.colcon_core.package_identification:_identify(src/cpp_pubsub) by extension 'colcon_meta'
[0.496s] Level 1:colcon.colcon_core.package_identification:_identify(src/cpp_pubsub) by extensions ['ros']
[0.496s] Level 1:colcon.colcon_core.package_identification:_identify(src/cpp_pubsub) by extension 'ros'
[0.499s] DEBUG:colcon.colcon_core.package_identification:Package 'src/cpp_pubsub' with type 'ros.ament_cmake' and name 'cpp_pubsub'
[0.500s] Level 1:colcon.colcon_core.package_discovery:discover_packages(recursive) using defaults
[0.500s] Level 1:colcon.colcon_core.package_discovery:discover_packages(ignore) discover
[0.500s] Level 1:colcon.colcon_core.package_discovery:discover_packages(ignore) using defaults
[0.500s] Level 1:colcon.colcon_core.package_discovery:discover_packages(path) discover
[0.500s] Level 1:colcon.colcon_core.package_discovery:discover_packages(path) using defaults
[0.534s] Level 1:colcon.colcon_core.package_discovery:discover_packages(prefix_path) check parameters
[0.534s] Level 1:colcon.colcon_core.package_discovery:discover_packages(prefix_path) discover
[0.539s] DEBUG:colcon.colcon_installed_package_information.package_discovery:Found 284 installed packages in /opt/ros/humble
[0.541s] Level 1:colcon.colcon_core.package_discovery:discover_packages(prefix_path) using defaults
[0.622s] Level 5:colcon.colcon_core.verb:set package 'cpp_pubsub' build argument 'cmake_args' from command line to 'None'
[0.622s] Level 5:colcon.colcon_core.verb:set package 'cpp_pubsub' build argument 'cmake_target' from command line to 'None'
[0.622s] Level 5:colcon.colcon_core.verb:set package 'cpp_pubsub' build argument 'cmake_target_skip_unavailable' from command line to 'False'
[0.622s] Level 5:colcon.colcon_core.verb:set package 'cpp_pubsub' build argument 'cmake_clean_cache' from command line to 'False'
[0.622s] Level 5:colcon.colcon_core.verb:set package 'cpp_pubsub' build argument 'cmake_clean_first' from command line to 'False'
[0.622s] Level 5:colcon.colcon_core.verb:set package 'cpp_pubsub' build argument 'cmake_force_configure' from command line to 'False'
[0.622s] Level 5:colcon.colcon_core.verb:set package 'cpp_pubsub' build argument 'ament_cmake_args' from command line to 'None'
[0.622s] Level 5:colcon.colcon_core.verb:set package 'cpp_pubsub' build argument 'catkin_cmake_args' from command line to 'None'
[0.622s] Level 5:colcon.colcon_core.verb:set package 'cpp_pubsub' build argument 'catkin_skip_building_tests' from command line to 'False'
[0.622s] DEBUG:colcon.colcon_core.verb:Building package 'cpp_pubsub' with the following arguments: {'ament_cmake_args': None, 'build_base': '/home/irman/Documents/Programming/CPP/Dagozilla/ROS/build/cpp_pubsub', 'catkin_cmake_args': None, 'catkin_skip_building_tests': False, 'cmake_args': None, 'cmake_clean_cache': False, 'cmake_clean_first': False, 'cmake_force_configure': False, 'cmake_target': None, 'cmake_target_skip_unavailable': False, 'install_base': '/home/irman/Documents/Programming/CPP/Dagozilla/ROS/install/cpp_pubsub', 'merge_install': False, 'path': '/home/irman/Documents/Programming/CPP/Dagozilla/ROS/src/cpp_pubsub', 'symlink_install': False, 'test_result_base': None}
[0.623s] INFO:colcon.colcon_core.executor:Executing jobs using 'parallel' executor
[0.628s] DEBUG:colcon.colcon_parallel_executor.executor.parallel:run_until_complete
[0.629s] INFO:colcon.colcon_ros.task.ament_cmake.build:Building ROS package in '/home/irman/Documents/Programming/CPP/Dagozilla/ROS/src/cpp_pubsub' with build type 'ament_cmake'
[0.629s] INFO:colcon.colcon_cmake.task.cmake.build:Building CMake package in '/home/irman/Documents/Programming/CPP/Dagozilla/ROS/src/cpp_pubsub'
[0.637s] INFO:colcon.colcon_core.plugin_system:Skipping extension 'colcon_core.shell.bat': Not used on non-Windows systems
[0.637s] INFO:colcon.colcon_core.shell:Skip shell extension 'powershell' for command environment: Not usable outside of PowerShell
[0.637s] DEBUG:colcon.colcon_core.shell:Skip shell extension 'dsv' for command environment
[0.654s] DEBUG:colcon.colcon_core.event_handler.log_command:Invoking command in '/home/irman/Documents/Programming/CPP/Dagozilla/ROS/build/cpp_pubsub': CMAKE_PREFIX_PATH=/opt/ros/humble CONDA_PROMPT_MODIFIER=(base) /usr/bin/cmake --build /home/irman/Documents/Programming/CPP/Dagozilla/ROS/build/cpp_pubsub -- -j12 -l12
[11.727s] DEBUG:colcon.colcon_core.event_handler.log_command:Invoked command in '/home/irman/Documents/Programming/CPP/Dagozilla/ROS/build/cpp_pubsub' returned '0': CMAKE_PREFIX_PATH=/opt/ros/humble CONDA_PROMPT_MODIFIER=(base) /usr/bin/cmake --build /home/irman/Documents/Programming/CPP/Dagozilla/ROS/build/cpp_pubsub -- -j12 -l12
[11.774s] DEBUG:colcon.colcon_core.event_handler.log_command:Invoking command in '/home/irman/Documents/Programming/CPP/Dagozilla/ROS/build/cpp_pubsub': CMAKE_PREFIX_PATH=/opt/ros/humble CONDA_PROMPT_MODIFIER=(base) /usr/bin/cmake --install /home/irman/Documents/Programming/CPP/Dagozilla/ROS/build/cpp_pubsub
[11.799s] Level 1:colcon.colcon_core.environment:create_environment_scripts_only(cpp_pubsub)
[11.801s] DEBUG:colcon.colcon_core.event_handler.log_command:Invoked command in '/home/irman/Documents/Programming/CPP/Dagozilla/ROS/build/cpp_pubsub' returned '0': CMAKE_PREFIX_PATH=/opt/ros/humble CONDA_PROMPT_MODIFIER=(base) /usr/bin/cmake --install /home/irman/Documents/Programming/CPP/Dagozilla/ROS/build/cpp_pubsub
[11.810s] Level 1:colcon.colcon_core.environment:checking '/home/irman/Documents/Programming/CPP/Dagozilla/ROS/install/cpp_pubsub' for CMake module files
[11.810s] Level 1:colcon.colcon_core.environment:checking '/home/irman/Documents/Programming/CPP/Dagozilla/ROS/install/cpp_pubsub' for CMake config files
[11.810s] Level 1:colcon.colcon_core.shell:create_environment_hook('cpp_pubsub', 'cmake_prefix_path')
[11.811s] INFO:colcon.colcon_core.shell:Creating environment hook '/home/irman/Documents/Programming/CPP/Dagozilla/ROS/install/cpp_pubsub/share/cpp_pubsub/hook/cmake_prefix_path.ps1'
[11.812s] INFO:colcon.colcon_core.shell:Creating environment descriptor '/home/irman/Documents/Programming/CPP/Dagozilla/ROS/install/cpp_pubsub/share/cpp_pubsub/hook/cmake_prefix_path.dsv'
[11.813s] INFO:colcon.colcon_core.shell:Creating environment hook '/home/irman/Documents/Programming/CPP/Dagozilla/ROS/install/cpp_pubsub/share/cpp_pubsub/hook/cmake_prefix_path.sh'
[11.813s] Level 1:colcon.colcon_core.environment:checking '/home/irman/Documents/Programming/CPP/Dagozilla/ROS/install/cpp_pubsub/lib'
[11.813s] Level 1:colcon.colcon_core.environment:checking '/home/irman/Documents/Programming/CPP/Dagozilla/ROS/install/cpp_pubsub/bin'
[11.813s] Level 1:colcon.colcon_core.environment:checking '/home/irman/Documents/Programming/CPP/Dagozilla/ROS/install/cpp_pubsub/lib/pkgconfig/cpp_pubsub.pc'
[11.814s] Level 1:colcon.colcon_core.environment:checking '/home/irman/Documents/Programming/CPP/Dagozilla/ROS/install/cpp_pubsub/lib/python3.10/site-packages'
[11.814s] Level 1:colcon.colcon_core.environment:checking '/home/irman/Documents/Programming/CPP/Dagozilla/ROS/install/cpp_pubsub/bin'
[11.815s] INFO:colcon.colcon_core.shell:Creating package script '/home/irman/Documents/Programming/CPP/Dagozilla/ROS/install/cpp_pubsub/share/cpp_pubsub/package.ps1'
[11.816s] INFO:colcon.colcon_core.shell:Creating package descriptor '/home/irman/Documents/Programming/CPP/Dagozilla/ROS/install/cpp_pubsub/share/cpp_pubsub/package.dsv'
[11.816s] INFO:colcon.colcon_core.shell:Creating package script '/home/irman/Documents/Programming/CPP/Dagozilla/ROS/install/cpp_pubsub/share/cpp_pubsub/package.sh'
[11.817s] INFO:colcon.colcon_core.shell:Creating package script '/home/irman/Documents/Programming/CPP/Dagozilla/ROS/install/cpp_pubsub/share/cpp_pubsub/package.bash'
[11.817s] INFO:colcon.colcon_core.shell:Creating package script '/home/irman/Documents/Programming/CPP/Dagozilla/ROS/install/cpp_pubsub/share/cpp_pubsub/package.zsh'
[11.818s] Level 1:colcon.colcon_core.environment:create_file_with_runtime_dependencies(/home/irman/Documents/Programming/CPP/Dagozilla/ROS/install/cpp_pubsub/share/colcon-core/packages/cpp_pubsub)
[11.841s] Level 1:colcon.colcon_core.environment:create_environment_scripts_only(cpp_pubsub)
[11.843s] Level 1:colcon.colcon_core.environment:checking '/home/irman/Documents/Programming/CPP/Dagozilla/ROS/install/cpp_pubsub' for CMake module files
[11.843s] Level 1:colcon.colcon_core.environment:checking '/home/irman/Documents/Programming/CPP/Dagozilla/ROS/install/cpp_pubsub' for CMake config files
[11.843s] Level 1:colcon.colcon_core.shell:create_environment_hook('cpp_pubsub', 'cmake_prefix_path')
[11.844s] INFO:colcon.colcon_core.shell:Creating environment hook '/home/irman/Documents/Programming/CPP/Dagozilla/ROS/install/cpp_pubsub/share/cpp_pubsub/hook/cmake_prefix_path.ps1'
[11.844s] INFO:colcon.colcon_core.shell:Creating environment descriptor '/home/irman/Documents/Programming/CPP/Dagozilla/ROS/install/cpp_pubsub/share/cpp_pubsub/hook/cmake_prefix_path.dsv'
[11.845s] INFO:colcon.colcon_core.shell:Creating environment hook '/home/irman/Documents/Programming/CPP/Dagozilla/ROS/install/cpp_pubsub/share/cpp_pubsub/hook/cmake_prefix_path.sh'
[11.845s] Level 1:colcon.colcon_core.environment:checking '/home/irman/Documents/Programming/CPP/Dagozilla/ROS/install/cpp_pubsub/lib'
[11.845s] Level 1:colcon.colcon_core.environment:checking '/home/irman/Documents/Programming/CPP/Dagozilla/ROS/install/cpp_pubsub/bin'
[11.845s] Level 1:colcon.colcon_core.environment:checking '/home/irman/Documents/Programming/CPP/Dagozilla/ROS/install/cpp_pubsub/lib/pkgconfig/cpp_pubsub.pc'
[11.845s] Level 1:colcon.colcon_core.environment:checking '/home/irman/Documents/Programming/CPP/Dagozilla/ROS/install/cpp_pubsub/lib/python3.10/site-packages'
[11.845s] Level 1:colcon.colcon_core.environment:checking '/home/irman/Documents/Programming/CPP/Dagozilla/ROS/install/cpp_pubsub/bin'
[11.846s] INFO:colcon.colcon_core.shell:Creating package script '/home/irman/Documents/Programming/CPP/Dagozilla/ROS/install/cpp_pubsub/share/cpp_pubsub/package.ps1'
[11.847s] INFO:colcon.colcon_core.shell:Creating package descriptor '/home/irman/Documents/Programming/CPP/Dagozilla/ROS/install/cpp_pubsub/share/cpp_pubsub/package.dsv'
[11.847s] INFO:colcon.colcon_core.shell:Creating package script '/home/irman/Documents/Programming/CPP/Dagozilla/ROS/install/cpp_pubsub/share/cpp_pubsub/package.sh'
[11.848s] INFO:colcon.colcon_core.shell:Creating package script '/home/irman/Documents/Programming/CPP/Dagozilla/ROS/install/cpp_pubsub/share/cpp_pubsub/package.bash'
[11.848s] INFO:colcon.colcon_core.shell:Creating package script '/home/irman/Documents/Programming/CPP/Dagozilla/ROS/install/cpp_pubsub/share/cpp_pubsub/package.zsh'
[11.848s] Level 1:colcon.colcon_core.environment:create_file_with_runtime_dependencies(/home/irman/Documents/Programming/CPP/Dagozilla/ROS/install/cpp_pubsub/share/colcon-core/packages/cpp_pubsub)
[11.848s] DEBUG:colcon.colcon_parallel_executor.executor.parallel:closing loop
[11.849s] DEBUG:colcon.colcon_parallel_executor.executor.parallel:loop closed
[11.849s] DEBUG:colcon.colcon_parallel_executor.executor.parallel:run_until_complete finished with '0'
[11.849s] DEBUG:colcon.colcon_core.event_reactor:joining thread
[11.857s] INFO:colcon.colcon_core.plugin_system:Skipping extension 'colcon_notification.desktop_notification.terminal_notifier': Not used on non-Darwin systems
[11.857s] INFO:colcon.colcon_core.plugin_system:Skipping extension 'colcon_notification.desktop_notification.win32': Not used on non-Windows systems
[11.857s] INFO:colcon.colcon_notification.desktop_notification:Sending desktop notification using 'notify2'
[11.880s] DEBUG:colcon.colcon_core.event_reactor:joined thread
[11.881s] INFO:colcon.colcon_core.shell:Creating prefix script '/home/irman/Documents/Programming/CPP/Dagozilla/ROS/install/local_setup.ps1'
[11.882s] INFO:colcon.colcon_core.shell:Creating prefix util module '/home/irman/Documents/Programming/CPP/Dagozilla/ROS/install/_local_setup_util_ps1.py'
[11.884s] INFO:colcon.colcon_core.shell:Creating prefix chain script '/home/irman/Documents/Programming/CPP/Dagozilla/ROS/install/setup.ps1'
[11.885s] INFO:colcon.colcon_core.shell:Creating prefix script '/home/irman/Documents/Programming/CPP/Dagozilla/ROS/install/local_setup.sh'
[11.886s] INFO:colcon.colcon_core.shell:Creating prefix util module '/home/irman/Documents/Programming/CPP/Dagozilla/ROS/install/_local_setup_util_sh.py'
[11.887s] INFO:colcon.colcon_core.shell:Creating prefix chain script '/home/irman/Documents/Programming/CPP/Dagozilla/ROS/install/setup.sh'
[11.888s] INFO:colcon.colcon_core.shell:Creating prefix script '/home/irman/Documents/Programming/CPP/Dagozilla/ROS/install/local_setup.bash'
[11.889s] INFO:colcon.colcon_core.shell:Creating prefix chain script '/home/irman/Documents/Programming/CPP/Dagozilla/ROS/install/setup.bash'
[11.890s] INFO:colcon.colcon_core.shell:Creating prefix script '/home/irman/Documents/Programming/CPP/Dagozilla/ROS/install/local_setup.zsh'
[11.891s] INFO:colcon.colcon_core.shell:Creating prefix chain script '/home/irman/Documents/Programming/CPP/Dagozilla/ROS/install/setup.zsh'
