[0.015s] Invoking command in '/home/irman/Documents/Programming/CPP/Dagozilla/Dagozilla/Self_Learning/ROS/build/cpp_srvcli': CMAKE_PREFIX_PATH=/opt/ros/humble CONDA_PROMPT_MODIFIER=(base) /usr/bin/cmake /home/irman/Documents/Programming/CPP/Dagozilla/Dagozilla/Self_Learning/ROS/src/cpp_srvcli -DCMAKE_INSTALL_PREFIX=/home/irman/Documents/Programming/CPP/Dagozilla/Dagozilla/Self_Learning/ROS/install/cpp_srvcli
[0.086s] -- The C compiler identification is GNU 11.3.0
[0.136s] -- The CXX compiler identification is GNU 11.3.0
[0.146s] -- Detecting C compiler ABI info
[0.227s] -- Detecting C compiler ABI info - done
[0.242s] -- Check for working C compiler: /usr/bin/cc - skipped
[0.242s] -- Detecting C compile features
[0.243s] -- Detecting C compile features - done
[0.250s] -- Detecting CXX compiler ABI info
[0.341s] -- Detecting CXX compiler ABI info - done
[0.359s] -- Check for working CXX compiler: /usr/bin/c++ - skipped
[0.359s] -- Detecting CXX compile features
[0.360s] -- Detecting CXX compile features - done
[0.367s] -- Found ament_cmake: 1.3.4 (/opt/ros/humble/share/ament_cmake/cmake)
[0.901s] -- Found Python3: /home/irman/miniconda3/bin/python3.10 (found version "3.10.9") found components: Interpreter 
[1.017s] -- Found rclcpp: 16.0.4 (/opt/ros/humble/share/rclcpp/cmake)
[1.069s] -- Found rosidl_generator_c: 3.1.4 (/opt/ros/humble/share/rosidl_generator_c/cmake)
[1.074s] -- Found rosidl_adapter: 3.1.4 (/opt/ros/humble/share/rosidl_adapter/cmake)
[1.085s] -- Found rosidl_generator_cpp: 3.1.4 (/opt/ros/humble/share/rosidl_generator_cpp/cmake)
[1.100s] -- Using all available rosidl_typesupport_c: rosidl_typesupport_fastrtps_c;rosidl_typesupport_introspection_c
[1.120s] -- Using all available rosidl_typesupport_cpp: rosidl_typesupport_fastrtps_cpp;rosidl_typesupport_introspection_cpp
[1.190s] -- Found rmw_implementation_cmake: 6.1.1 (/opt/ros/humble/share/rmw_implementation_cmake/cmake)
[1.193s] -- Found rmw_fastrtps_cpp: 6.2.2 (/opt/ros/humble/share/rmw_fastrtps_cpp/cmake)
[1.295s] -- Found OpenSSL: /usr/lib/x86_64-linux-gnu/libcrypto.so (found version "3.0.2")  
[1.317s] -- Found FastRTPS: /opt/ros/humble/include  
[1.360s] -- Using RMW implementation 'rmw_fastrtps_cpp' as default
[1.370s] -- Looking for pthread.h
[1.450s] -- Looking for pthread.h - found
[1.450s] -- Performing Test CMAKE_HAVE_LIBC_PTHREAD
[1.513s] -- Performing Test CMAKE_HAVE_LIBC_PTHREAD - Success
[1.514s] -- Found Threads: TRUE  
[1.671s] -- Found example_interfaces: 0.9.3 (/opt/ros/humble/share/example_interfaces/cmake)
[1.910s] -- Configuring done
[1.921s] -- Generating done
[1.923s] -- Build files have been written to: /home/irman/Documents/Programming/CPP/Dagozilla/Dagozilla/Self_Learning/ROS/build/cpp_srvcli
[1.933s] Invoked command in '/home/irman/Documents/Programming/CPP/Dagozilla/Dagozilla/Self_Learning/ROS/build/cpp_srvcli' returned '0': CMAKE_PREFIX_PATH=/opt/ros/humble CONDA_PROMPT_MODIFIER=(base) /usr/bin/cmake /home/irman/Documents/Programming/CPP/Dagozilla/Dagozilla/Self_Learning/ROS/src/cpp_srvcli -DCMAKE_INSTALL_PREFIX=/home/irman/Documents/Programming/CPP/Dagozilla/Dagozilla/Self_Learning/ROS/install/cpp_srvcli
[1.936s] Invoking command in '/home/irman/Documents/Programming/CPP/Dagozilla/Dagozilla/Self_Learning/ROS/build/cpp_srvcli': CMAKE_PREFIX_PATH=/opt/ros/humble CONDA_PROMPT_MODIFIER=(base) /usr/bin/cmake --build /home/irman/Documents/Programming/CPP/Dagozilla/Dagozilla/Self_Learning/ROS/build/cpp_srvcli -- -j12 -l12
[1.975s] [ 25%] [32mBuilding CXX object CMakeFiles/server.dir/src/my_server.cpp.o[0m
[1.982s] [ 50%] [32mBuilding CXX object CMakeFiles/client.dir/src/my_client.cpp.o[0m
[4.703s] [ 75%] [32m[1mLinking CXX executable server[0m
[4.747s] [100%] [32m[1mLinking CXX executable client[0m
[4.869s] [100%] Built target server
[4.907s] [100%] Built target client
[4.922s] Invoked command in '/home/irman/Documents/Programming/CPP/Dagozilla/Dagozilla/Self_Learning/ROS/build/cpp_srvcli' returned '0': CMAKE_PREFIX_PATH=/opt/ros/humble CONDA_PROMPT_MODIFIER=(base) /usr/bin/cmake --build /home/irman/Documents/Programming/CPP/Dagozilla/Dagozilla/Self_Learning/ROS/build/cpp_srvcli -- -j12 -l12
[4.948s] Invoking command in '/home/irman/Documents/Programming/CPP/Dagozilla/Dagozilla/Self_Learning/ROS/build/cpp_srvcli': CMAKE_PREFIX_PATH=/opt/ros/humble CONDA_PROMPT_MODIFIER=(base) /usr/bin/cmake --install /home/irman/Documents/Programming/CPP/Dagozilla/Dagozilla/Self_Learning/ROS/build/cpp_srvcli
[4.954s] -- Install configuration: ""
[4.954s] -- Installing: /home/irman/Documents/Programming/CPP/Dagozilla/Dagozilla/Self_Learning/ROS/install/cpp_srvcli/lib/cpp_srvcli/server
[4.955s] -- Set runtime path of "/home/irman/Documents/Programming/CPP/Dagozilla/Dagozilla/Self_Learning/ROS/install/cpp_srvcli/lib/cpp_srvcli/server" to ""
[4.955s] -- Installing: /home/irman/Documents/Programming/CPP/Dagozilla/Dagozilla/Self_Learning/ROS/install/cpp_srvcli/lib/cpp_srvcli/client
[4.955s] -- Set runtime path of "/home/irman/Documents/Programming/CPP/Dagozilla/Dagozilla/Self_Learning/ROS/install/cpp_srvcli/lib/cpp_srvcli/client" to ""
[4.956s] -- Installing: /home/irman/Documents/Programming/CPP/Dagozilla/Dagozilla/Self_Learning/ROS/install/cpp_srvcli/share/ament_index/resource_index/package_run_dependencies/cpp_srvcli
[4.956s] -- Installing: /home/irman/Documents/Programming/CPP/Dagozilla/Dagozilla/Self_Learning/ROS/install/cpp_srvcli/share/ament_index/resource_index/parent_prefix_path/cpp_srvcli
[4.956s] -- Installing: /home/irman/Documents/Programming/CPP/Dagozilla/Dagozilla/Self_Learning/ROS/install/cpp_srvcli/share/cpp_srvcli/environment/ament_prefix_path.sh
[4.956s] -- Installing: /home/irman/Documents/Programming/CPP/Dagozilla/Dagozilla/Self_Learning/ROS/install/cpp_srvcli/share/cpp_srvcli/environment/ament_prefix_path.dsv
[4.956s] -- Installing: /home/irman/Documents/Programming/CPP/Dagozilla/Dagozilla/Self_Learning/ROS/install/cpp_srvcli/share/cpp_srvcli/environment/path.sh
[4.956s] -- Installing: /home/irman/Documents/Programming/CPP/Dagozilla/Dagozilla/Self_Learning/ROS/install/cpp_srvcli/share/cpp_srvcli/environment/path.dsv
[4.956s] -- Installing: /home/irman/Documents/Programming/CPP/Dagozilla/Dagozilla/Self_Learning/ROS/install/cpp_srvcli/share/cpp_srvcli/local_setup.bash
[4.957s] -- Installing: /home/irman/Documents/Programming/CPP/Dagozilla/Dagozilla/Self_Learning/ROS/install/cpp_srvcli/share/cpp_srvcli/local_setup.sh
[4.957s] -- Installing: /home/irman/Documents/Programming/CPP/Dagozilla/Dagozilla/Self_Learning/ROS/install/cpp_srvcli/share/cpp_srvcli/local_setup.zsh
[4.957s] -- Installing: /home/irman/Documents/Programming/CPP/Dagozilla/Dagozilla/Self_Learning/ROS/install/cpp_srvcli/share/cpp_srvcli/local_setup.dsv
[4.957s] -- Installing: /home/irman/Documents/Programming/CPP/Dagozilla/Dagozilla/Self_Learning/ROS/install/cpp_srvcli/share/cpp_srvcli/package.dsv
[4.957s] -- Installing: /home/irman/Documents/Programming/CPP/Dagozilla/Dagozilla/Self_Learning/ROS/install/cpp_srvcli/share/ament_index/resource_index/packages/cpp_srvcli
[4.957s] -- Installing: /home/irman/Documents/Programming/CPP/Dagozilla/Dagozilla/Self_Learning/ROS/install/cpp_srvcli/share/cpp_srvcli/cmake/cpp_srvcliConfig.cmake
[4.957s] -- Installing: /home/irman/Documents/Programming/CPP/Dagozilla/Dagozilla/Self_Learning/ROS/install/cpp_srvcli/share/cpp_srvcli/cmake/cpp_srvcliConfig-version.cmake
[4.957s] -- Installing: /home/irman/Documents/Programming/CPP/Dagozilla/Dagozilla/Self_Learning/ROS/install/cpp_srvcli/share/cpp_srvcli/package.xml
[4.959s] Invoked command in '/home/irman/Documents/Programming/CPP/Dagozilla/Dagozilla/Self_Learning/ROS/build/cpp_srvcli' returned '0': CMAKE_PREFIX_PATH=/opt/ros/humble CONDA_PROMPT_MODIFIER=(base) /usr/bin/cmake --install /home/irman/Documents/Programming/CPP/Dagozilla/Dagozilla/Self_Learning/ROS/build/cpp_srvcli
