[0.405s] DEBUG:colcon:Command line arguments: ['/usr/bin/colcon', 'build']
[0.406s] DEBUG:colcon:Parsed command line arguments: Namespace(log_base=None, log_level=None, verb_name='build', build_base='build', install_base='install', merge_install=False, symlink_install=False, test_result_base=None, continue_on_error=False, executor='parallel', parallel_workers=12, event_handlers=None, ignore_user_meta=False, metas=['./colcon.meta'], base_paths=['.'], packages_ignore=None, packages_ignore_regex=None, paths=None, packages_up_to=None, packages_up_to_regex=None, packages_above=None, packages_above_and_dependencies=None, packages_above_depth=None, packages_select_by_dep=None, packages_skip_by_dep=None, packages_skip_up_to=None, packages_select_build_failed=False, packages_skip_build_finished=False, packages_select_test_failures=False, packages_skip_test_passed=False, packages_select=None, packages_skip=None, packages_select_regex=None, packages_skip_regex=None, packages_start=None, packages_end=None, allow_overriding=[], cmake_args=None, cmake_target=None, cmake_target_skip_unavailable=False, cmake_clean_cache=False, cmake_clean_first=False, cmake_force_configure=False, ament_cmake_args=None, catkin_cmake_args=None, catkin_skip_building_tests=False, verb_parser=<colcon_defaults.argument_parser.defaults.DefaultArgumentsDecorator object at 0x7f959bed9ba0>, verb_extension=<colcon_core.verb.build.BuildVerb object at 0x7f959bff3a60>, main=<bound method BuildVerb.main of <colcon_core.verb.build.BuildVerb object at 0x7f959bff3a60>>)
[0.462s] Level 1:colcon.colcon_core.package_discovery:discover_packages(colcon_meta) check parameters
[0.462s] Level 1:colcon.colcon_core.package_discovery:discover_packages(recursive) check parameters
[0.462s] Level 1:colcon.colcon_core.package_discovery:discover_packages(ignore) check parameters
[0.462s] Level 1:colcon.colcon_core.package_discovery:discover_packages(path) check parameters
[0.462s] Level 1:colcon.colcon_core.package_discovery:discover_packages(colcon_meta) discover
[0.462s] Level 1:colcon.colcon_core.package_discovery:discover_packages(recursive) discover
[0.462s] INFO:colcon.colcon_core.package_discovery:Crawling recursively for packages in '/home/irman/Documents/Programming/CPP/Dagozilla/ROS'
[0.463s] Level 1:colcon.colcon_core.package_identification:_identify(.) by extensions ['ignore', 'ignore_ament_install']
[0.463s] Level 1:colcon.colcon_core.package_identification:_identify(.) by extension 'ignore'
[0.463s] Level 1:colcon.colcon_core.package_identification:_identify(.) by extension 'ignore_ament_install'
[0.463s] Level 1:colcon.colcon_core.package_identification:_identify(.) by extensions ['colcon_pkg']
[0.463s] Level 1:colcon.colcon_core.package_identification:_identify(.) by extension 'colcon_pkg'
[0.463s] Level 1:colcon.colcon_core.package_identification:_identify(.) by extensions ['colcon_meta']
[0.463s] Level 1:colcon.colcon_core.package_identification:_identify(.) by extension 'colcon_meta'
[0.463s] Level 1:colcon.colcon_core.package_identification:_identify(.) by extensions ['ros']
[0.463s] Level 1:colcon.colcon_core.package_identification:_identify(.) by extension 'ros'
[0.479s] Level 1:colcon.colcon_core.package_identification:_identify(.) by extensions ['cmake', 'python']
[0.479s] Level 1:colcon.colcon_core.package_identification:_identify(.) by extension 'cmake'
[0.479s] Level 1:colcon.colcon_core.package_identification:_identify(.) by extension 'python'
[0.479s] Level 1:colcon.colcon_core.package_identification:_identify(.) by extensions ['python_setup_py']
[0.479s] Level 1:colcon.colcon_core.package_identification:_identify(.) by extension 'python_setup_py'
[0.479s] Level 1:colcon.colcon_core.package_identification:_identify(build) by extensions ['ignore', 'ignore_ament_install']
[0.480s] Level 1:colcon.colcon_core.package_identification:_identify(build) by extension 'ignore'
[0.480s] Level 1:colcon.colcon_core.package_identification:_identify(build) ignored
[0.480s] Level 1:colcon.colcon_core.package_identification:_identify(install) by extensions ['ignore', 'ignore_ament_install']
[0.480s] Level 1:colcon.colcon_core.package_identification:_identify(install) by extension 'ignore'
[0.480s] Level 1:colcon.colcon_core.package_identification:_identify(install) ignored
[0.480s] Level 1:colcon.colcon_core.package_identification:_identify(log) by extensions ['ignore', 'ignore_ament_install']
[0.480s] Level 1:colcon.colcon_core.package_identification:_identify(log) by extension 'ignore'
[0.480s] Level 1:colcon.colcon_core.package_identification:_identify(log) ignored
[0.480s] Level 1:colcon.colcon_core.package_identification:_identify(src) by extensions ['ignore', 'ignore_ament_install']
[0.480s] Level 1:colcon.colcon_core.package_identification:_identify(src) by extension 'ignore'
[0.480s] Level 1:colcon.colcon_core.package_identification:_identify(src) by extension 'ignore_ament_install'
[0.481s] Level 1:colcon.colcon_core.package_identification:_identify(src) by extensions ['colcon_pkg']
[0.481s] Level 1:colcon.colcon_core.package_identification:_identify(src) by extension 'colcon_pkg'
[0.481s] Level 1:colcon.colcon_core.package_identification:_identify(src) by extensions ['colcon_meta']
[0.481s] Level 1:colcon.colcon_core.package_identification:_identify(src) by extension 'colcon_meta'
[0.481s] Level 1:colcon.colcon_core.package_identification:_identify(src) by extensions ['ros']
[0.481s] Level 1:colcon.colcon_core.package_identification:_identify(src) by extension 'ros'
[0.481s] Level 1:colcon.colcon_core.package_identification:_identify(src) by extensions ['cmake', 'python']
[0.481s] Level 1:colcon.colcon_core.package_identification:_identify(src) by extension 'cmake'
[0.481s] Level 1:colcon.colcon_core.package_identification:_identify(src) by extension 'python'
[0.481s] Level 1:colcon.colcon_core.package_identification:_identify(src) by extensions ['python_setup_py']
[0.481s] Level 1:colcon.colcon_core.package_identification:_identify(src) by extension 'python_setup_py'
[0.481s] Level 1:colcon.colcon_core.package_identification:_identify(src/cpp_pubsub) by extensions ['ignore', 'ignore_ament_install']
[0.481s] Level 1:colcon.colcon_core.package_identification:_identify(src/cpp_pubsub) by extension 'ignore'
[0.481s] Level 1:colcon.colcon_core.package_identification:_identify(src/cpp_pubsub) by extension 'ignore_ament_install'
[0.481s] Level 1:colcon.colcon_core.package_identification:_identify(src/cpp_pubsub) by extensions ['colcon_pkg']
[0.481s] Level 1:colcon.colcon_core.package_identification:_identify(src/cpp_pubsub) by extension 'colcon_pkg'
[0.482s] Level 1:colcon.colcon_core.package_identification:_identify(src/cpp_pubsub) by extensions ['colcon_meta']
[0.482s] Level 1:colcon.colcon_core.package_identification:_identify(src/cpp_pubsub) by extension 'colcon_meta'
[0.482s] Level 1:colcon.colcon_core.package_identification:_identify(src/cpp_pubsub) by extensions ['ros']
[0.482s] Level 1:colcon.colcon_core.package_identification:_identify(src/cpp_pubsub) by extension 'ros'
[0.485s] DEBUG:colcon.colcon_core.package_identification:Package 'src/cpp_pubsub' with type 'ros.ament_cmake' and name 'cpp_pubsub'
[0.485s] Level 1:colcon.colcon_core.package_discovery:discover_packages(recursive) using defaults
[0.485s] Level 1:colcon.colcon_core.package_discovery:discover_packages(ignore) discover
[0.485s] Level 1:colcon.colcon_core.package_discovery:discover_packages(ignore) using defaults
[0.485s] Level 1:colcon.colcon_core.package_discovery:discover_packages(path) discover
[0.485s] Level 1:colcon.colcon_core.package_discovery:discover_packages(path) using defaults
[0.517s] Level 1:colcon.colcon_core.package_discovery:discover_packages(prefix_path) check parameters
[0.517s] Level 1:colcon.colcon_core.package_discovery:discover_packages(prefix_path) discover
[0.518s] WARNING:colcon.colcon_core.prefix_path.colcon:The path '/home/irman/Documents/Programming/CPP/Dagozilla/ROS/src/install' in the environment variable COLCON_PREFIX_PATH doesn't exist
[0.518s] WARNING:colcon.colcon_ros.prefix_path.ament:The path '/home/irman/Documents/Programming/CPP/Dagozilla/ROS/src/install/cpp_pubsub' in the environment variable AMENT_PREFIX_PATH doesn't exist
[0.519s] WARNING:colcon.colcon_ros.prefix_path.ament:The path '/home/irman/Documents/Programming/CPP/Dagozilla/ROS/install/my_package' in the environment variable AMENT_PREFIX_PATH doesn't exist
[0.519s] WARNING:colcon.colcon_ros.prefix_path.ament:The path '/home/irman/Documents/Programming/CPP/Dagozilla/ROS/install/my_node' in the environment variable AMENT_PREFIX_PATH doesn't exist
[0.519s] WARNING:colcon.colcon_ros.prefix_path.catkin:The path '/home/irman/Documents/Programming/CPP/Dagozilla/ROS/src/install/cpp_pubsub' in the environment variable CMAKE_PREFIX_PATH doesn't exist
[0.519s] WARNING:colcon.colcon_ros.prefix_path.catkin:The path '/home/irman/Documents/Programming/CPP/Dagozilla/ROS/install/my_package' in the environment variable CMAKE_PREFIX_PATH doesn't exist
[0.519s] WARNING:colcon.colcon_ros.prefix_path.catkin:The path '/home/irman/Documents/Programming/CPP/Dagozilla/ROS/install/my_node' in the environment variable CMAKE_PREFIX_PATH doesn't exist
[0.521s] DEBUG:colcon.colcon_installed_package_information.package_discovery:Found 0 installed packages in /home/irman/Documents/Programming/CPP/Dagozilla/ROS/install
[0.523s] DEBUG:colcon.colcon_installed_package_information.package_discovery:Found 284 installed packages in /opt/ros/humble
[0.525s] Level 1:colcon.colcon_core.package_discovery:discover_packages(prefix_path) using defaults
[0.604s] Level 5:colcon.colcon_core.verb:set package 'cpp_pubsub' build argument 'cmake_args' from command line to 'None'
[0.604s] Level 5:colcon.colcon_core.verb:set package 'cpp_pubsub' build argument 'cmake_target' from command line to 'None'
[0.604s] Level 5:colcon.colcon_core.verb:set package 'cpp_pubsub' build argument 'cmake_target_skip_unavailable' from command line to 'False'
[0.604s] Level 5:colcon.colcon_core.verb:set package 'cpp_pubsub' build argument 'cmake_clean_cache' from command line to 'False'
[0.604s] Level 5:colcon.colcon_core.verb:set package 'cpp_pubsub' build argument 'cmake_clean_first' from command line to 'False'
[0.604s] Level 5:colcon.colcon_core.verb:set package 'cpp_pubsub' build argument 'cmake_force_configure' from command line to 'False'
[0.604s] Level 5:colcon.colcon_core.verb:set package 'cpp_pubsub' build argument 'ament_cmake_args' from command line to 'None'
[0.604s] Level 5:colcon.colcon_core.verb:set package 'cpp_pubsub' build argument 'catkin_cmake_args' from command line to 'None'
[0.604s] Level 5:colcon.colcon_core.verb:set package 'cpp_pubsub' build argument 'catkin_skip_building_tests' from command line to 'False'
[0.605s] DEBUG:colcon.colcon_core.verb:Building package 'cpp_pubsub' with the following arguments: {'ament_cmake_args': None, 'build_base': '/home/irman/Documents/Programming/CPP/Dagozilla/ROS/build/cpp_pubsub', 'catkin_cmake_args': None, 'catkin_skip_building_tests': False, 'cmake_args': None, 'cmake_clean_cache': False, 'cmake_clean_first': False, 'cmake_force_configure': False, 'cmake_target': None, 'cmake_target_skip_unavailable': False, 'install_base': '/home/irman/Documents/Programming/CPP/Dagozilla/ROS/install/cpp_pubsub', 'merge_install': False, 'path': '/home/irman/Documents/Programming/CPP/Dagozilla/ROS/src/cpp_pubsub', 'symlink_install': False, 'test_result_base': None}
[0.605s] INFO:colcon.colcon_core.executor:Executing jobs using 'parallel' executor
[0.610s] DEBUG:colcon.colcon_parallel_executor.executor.parallel:run_until_complete
[0.610s] INFO:colcon.colcon_ros.task.ament_cmake.build:Building ROS package in '/home/irman/Documents/Programming/CPP/Dagozilla/ROS/src/cpp_pubsub' with build type 'ament_cmake'
[0.610s] INFO:colcon.colcon_cmake.task.cmake.build:Building CMake package in '/home/irman/Documents/Programming/CPP/Dagozilla/ROS/src/cpp_pubsub'
[0.616s] INFO:colcon.colcon_core.plugin_system:Skipping extension 'colcon_core.shell.bat': Not used on non-Windows systems
[0.616s] INFO:colcon.colcon_core.shell:Skip shell extension 'powershell' for command environment: Not usable outside of PowerShell
[0.616s] DEBUG:colcon.colcon_core.shell:Skip shell extension 'dsv' for command environment
[0.631s] DEBUG:colcon.colcon_core.event_handler.log_command:Invoking command in '/home/irman/Documents/Programming/CPP/Dagozilla/ROS/build/cpp_pubsub': CMAKE_PREFIX_PATH=${CMAKE_PREFIX_PATH}:/opt/ros/humble CONDA_PROMPT_MODIFIER=(base) /usr/bin/cmake /home/irman/Documents/Programming/CPP/Dagozilla/ROS/src/cpp_pubsub -DCMAKE_INSTALL_PREFIX=/home/irman/Documents/Programming/CPP/Dagozilla/ROS/install/cpp_pubsub
[2.289s] DEBUG:colcon.colcon_core.event_handler.log_command:Invoked command in '/home/irman/Documents/Programming/CPP/Dagozilla/ROS/build/cpp_pubsub' returned '0': CMAKE_PREFIX_PATH=${CMAKE_PREFIX_PATH}:/opt/ros/humble CONDA_PROMPT_MODIFIER=(base) /usr/bin/cmake /home/irman/Documents/Programming/CPP/Dagozilla/ROS/src/cpp_pubsub -DCMAKE_INSTALL_PREFIX=/home/irman/Documents/Programming/CPP/Dagozilla/ROS/install/cpp_pubsub
[2.292s] DEBUG:colcon.colcon_core.event_handler.log_command:Invoking command in '/home/irman/Documents/Programming/CPP/Dagozilla/ROS/build/cpp_pubsub': CMAKE_PREFIX_PATH=${CMAKE_PREFIX_PATH}:/opt/ros/humble CONDA_PROMPT_MODIFIER=(base) /usr/bin/cmake --build /home/irman/Documents/Programming/CPP/Dagozilla/ROS/build/cpp_pubsub -- -j12 -l12
[2.339s] DEBUG:colcon.colcon_core.event_handler.log_command:Invoked command in '/home/irman/Documents/Programming/CPP/Dagozilla/ROS/build/cpp_pubsub' returned '0': CMAKE_PREFIX_PATH=${CMAKE_PREFIX_PATH}:/opt/ros/humble CONDA_PROMPT_MODIFIER=(base) /usr/bin/cmake --build /home/irman/Documents/Programming/CPP/Dagozilla/ROS/build/cpp_pubsub -- -j12 -l12
[2.382s] DEBUG:colcon.colcon_core.event_handler.log_command:Invoking command in '/home/irman/Documents/Programming/CPP/Dagozilla/ROS/build/cpp_pubsub': CMAKE_PREFIX_PATH=${CMAKE_PREFIX_PATH}:/opt/ros/humble CONDA_PROMPT_MODIFIER=(base) /usr/bin/cmake --install /home/irman/Documents/Programming/CPP/Dagozilla/ROS/build/cpp_pubsub
[2.393s] Level 1:colcon.colcon_core.environment:create_environment_scripts_only(cpp_pubsub)
[2.395s] DEBUG:colcon.colcon_core.event_handler.log_command:Invoked command in '/home/irman/Documents/Programming/CPP/Dagozilla/ROS/build/cpp_pubsub' returned '0': CMAKE_PREFIX_PATH=${CMAKE_PREFIX_PATH}:/opt/ros/humble CONDA_PROMPT_MODIFIER=(base) /usr/bin/cmake --install /home/irman/Documents/Programming/CPP/Dagozilla/ROS/build/cpp_pubsub
[2.400s] Level 1:colcon.colcon_core.environment:checking '/home/irman/Documents/Programming/CPP/Dagozilla/ROS/install/cpp_pubsub' for CMake module files
[2.400s] Level 1:colcon.colcon_core.environment:checking '/home/irman/Documents/Programming/CPP/Dagozilla/ROS/install/cpp_pubsub' for CMake config files
[2.401s] Level 1:colcon.colcon_core.shell:create_environment_hook('cpp_pubsub', 'cmake_prefix_path')
[2.402s] INFO:colcon.colcon_core.shell:Creating environment hook '/home/irman/Documents/Programming/CPP/Dagozilla/ROS/install/cpp_pubsub/share/cpp_pubsub/hook/cmake_prefix_path.ps1'
[2.403s] INFO:colcon.colcon_core.shell:Creating environment descriptor '/home/irman/Documents/Programming/CPP/Dagozilla/ROS/install/cpp_pubsub/share/cpp_pubsub/hook/cmake_prefix_path.dsv'
[2.403s] INFO:colcon.colcon_core.shell:Creating environment hook '/home/irman/Documents/Programming/CPP/Dagozilla/ROS/install/cpp_pubsub/share/cpp_pubsub/hook/cmake_prefix_path.sh'
[2.404s] Level 1:colcon.colcon_core.environment:checking '/home/irman/Documents/Programming/CPP/Dagozilla/ROS/install/cpp_pubsub/bin'
[2.404s] Level 1:colcon.colcon_core.environment:checking '/home/irman/Documents/Programming/CPP/Dagozilla/ROS/install/cpp_pubsub/lib/pkgconfig/cpp_pubsub.pc'
[2.405s] Level 1:colcon.colcon_core.environment:checking '/home/irman/Documents/Programming/CPP/Dagozilla/ROS/install/cpp_pubsub/lib/python3.10/site-packages'
[2.405s] Level 1:colcon.colcon_core.environment:checking '/home/irman/Documents/Programming/CPP/Dagozilla/ROS/install/cpp_pubsub/bin'
[2.406s] INFO:colcon.colcon_core.shell:Creating package script '/home/irman/Documents/Programming/CPP/Dagozilla/ROS/install/cpp_pubsub/share/cpp_pubsub/package.ps1'
[2.407s] INFO:colcon.colcon_core.shell:Creating package descriptor '/home/irman/Documents/Programming/CPP/Dagozilla/ROS/install/cpp_pubsub/share/cpp_pubsub/package.dsv'
[2.408s] INFO:colcon.colcon_core.shell:Creating package script '/home/irman/Documents/Programming/CPP/Dagozilla/ROS/install/cpp_pubsub/share/cpp_pubsub/package.sh'
[2.409s] INFO:colcon.colcon_core.shell:Creating package script '/home/irman/Documents/Programming/CPP/Dagozilla/ROS/install/cpp_pubsub/share/cpp_pubsub/package.bash'
[2.409s] INFO:colcon.colcon_core.shell:Creating package script '/home/irman/Documents/Programming/CPP/Dagozilla/ROS/install/cpp_pubsub/share/cpp_pubsub/package.zsh'
[2.410s] Level 1:colcon.colcon_core.environment:create_file_with_runtime_dependencies(/home/irman/Documents/Programming/CPP/Dagozilla/ROS/install/cpp_pubsub/share/colcon-core/packages/cpp_pubsub)
[2.434s] Level 1:colcon.colcon_core.environment:create_environment_scripts_only(cpp_pubsub)
[2.437s] Level 1:colcon.colcon_core.environment:checking '/home/irman/Documents/Programming/CPP/Dagozilla/ROS/install/cpp_pubsub' for CMake module files
[2.437s] Level 1:colcon.colcon_core.environment:checking '/home/irman/Documents/Programming/CPP/Dagozilla/ROS/install/cpp_pubsub' for CMake config files
[2.437s] Level 1:colcon.colcon_core.shell:create_environment_hook('cpp_pubsub', 'cmake_prefix_path')
[2.439s] INFO:colcon.colcon_core.shell:Creating environment hook '/home/irman/Documents/Programming/CPP/Dagozilla/ROS/install/cpp_pubsub/share/cpp_pubsub/hook/cmake_prefix_path.ps1'
[2.439s] INFO:colcon.colcon_core.shell:Creating environment descriptor '/home/irman/Documents/Programming/CPP/Dagozilla/ROS/install/cpp_pubsub/share/cpp_pubsub/hook/cmake_prefix_path.dsv'
[2.440s] INFO:colcon.colcon_core.shell:Creating environment hook '/home/irman/Documents/Programming/CPP/Dagozilla/ROS/install/cpp_pubsub/share/cpp_pubsub/hook/cmake_prefix_path.sh'
[2.440s] Level 1:colcon.colcon_core.environment:checking '/home/irman/Documents/Programming/CPP/Dagozilla/ROS/install/cpp_pubsub/bin'
[2.440s] Level 1:colcon.colcon_core.environment:checking '/home/irman/Documents/Programming/CPP/Dagozilla/ROS/install/cpp_pubsub/lib/pkgconfig/cpp_pubsub.pc'
[2.441s] Level 1:colcon.colcon_core.environment:checking '/home/irman/Documents/Programming/CPP/Dagozilla/ROS/install/cpp_pubsub/lib/python3.10/site-packages'
[2.441s] Level 1:colcon.colcon_core.environment:checking '/home/irman/Documents/Programming/CPP/Dagozilla/ROS/install/cpp_pubsub/bin'
[2.442s] INFO:colcon.colcon_core.shell:Creating package script '/home/irman/Documents/Programming/CPP/Dagozilla/ROS/install/cpp_pubsub/share/cpp_pubsub/package.ps1'
[2.443s] INFO:colcon.colcon_core.shell:Creating package descriptor '/home/irman/Documents/Programming/CPP/Dagozilla/ROS/install/cpp_pubsub/share/cpp_pubsub/package.dsv'
[2.444s] INFO:colcon.colcon_core.shell:Creating package script '/home/irman/Documents/Programming/CPP/Dagozilla/ROS/install/cpp_pubsub/share/cpp_pubsub/package.sh'
[2.444s] INFO:colcon.colcon_core.shell:Creating package script '/home/irman/Documents/Programming/CPP/Dagozilla/ROS/install/cpp_pubsub/share/cpp_pubsub/package.bash'
[2.444s] INFO:colcon.colcon_core.shell:Creating package script '/home/irman/Documents/Programming/CPP/Dagozilla/ROS/install/cpp_pubsub/share/cpp_pubsub/package.zsh'
[2.445s] Level 1:colcon.colcon_core.environment:create_file_with_runtime_dependencies(/home/irman/Documents/Programming/CPP/Dagozilla/ROS/install/cpp_pubsub/share/colcon-core/packages/cpp_pubsub)
[2.445s] DEBUG:colcon.colcon_parallel_executor.executor.parallel:closing loop
[2.445s] DEBUG:colcon.colcon_parallel_executor.executor.parallel:loop closed
[2.446s] DEBUG:colcon.colcon_parallel_executor.executor.parallel:run_until_complete finished with '0'
[2.446s] DEBUG:colcon.colcon_core.event_reactor:joining thread
[2.451s] INFO:colcon.colcon_core.plugin_system:Skipping extension 'colcon_notification.desktop_notification.terminal_notifier': Not used on non-Darwin systems
[2.451s] INFO:colcon.colcon_core.plugin_system:Skipping extension 'colcon_notification.desktop_notification.win32': Not used on non-Windows systems
[2.452s] INFO:colcon.colcon_notification.desktop_notification:Sending desktop notification using 'notify2'
[2.472s] DEBUG:colcon.colcon_core.event_reactor:joined thread
[2.474s] INFO:colcon.colcon_core.shell:Creating prefix script '/home/irman/Documents/Programming/CPP/Dagozilla/ROS/install/local_setup.ps1'
[2.475s] INFO:colcon.colcon_core.shell:Creating prefix util module '/home/irman/Documents/Programming/CPP/Dagozilla/ROS/install/_local_setup_util_ps1.py'
[2.477s] INFO:colcon.colcon_core.shell:Creating prefix chain script '/home/irman/Documents/Programming/CPP/Dagozilla/ROS/install/setup.ps1'
[2.479s] INFO:colcon.colcon_core.shell:Creating prefix script '/home/irman/Documents/Programming/CPP/Dagozilla/ROS/install/local_setup.sh'
[2.479s] INFO:colcon.colcon_core.shell:Creating prefix util module '/home/irman/Documents/Programming/CPP/Dagozilla/ROS/install/_local_setup_util_sh.py'
[2.480s] INFO:colcon.colcon_core.shell:Creating prefix chain script '/home/irman/Documents/Programming/CPP/Dagozilla/ROS/install/setup.sh'
[2.482s] INFO:colcon.colcon_core.shell:Creating prefix script '/home/irman/Documents/Programming/CPP/Dagozilla/ROS/install/local_setup.bash'
[2.482s] INFO:colcon.colcon_core.shell:Creating prefix chain script '/home/irman/Documents/Programming/CPP/Dagozilla/ROS/install/setup.bash'
[2.484s] INFO:colcon.colcon_core.shell:Creating prefix script '/home/irman/Documents/Programming/CPP/Dagozilla/ROS/install/local_setup.zsh'
[2.484s] INFO:colcon.colcon_core.shell:Creating prefix chain script '/home/irman/Documents/Programming/CPP/Dagozilla/ROS/install/setup.zsh'
