[0.023s] Invoking command in '/home/irman/Documents/Programming/CPP/Dagozilla/ROS/build/cpp_pubsub': CMAKE_PREFIX_PATH=/opt/ros/humble CONDA_PROMPT_MODIFIER=(base) /usr/bin/cmake --build /home/irman/Documents/Programming/CPP/Dagozilla/ROS/build/cpp_pubsub -- -j12 -l12
[0.069s] -- Found ament_cmake: 1.3.3 (/opt/ros/humble/share/ament_cmake/cmake)
[0.343s] -- Found rclcpp: 16.0.3 (/opt/ros/humble/share/rclcpp/cmake)
[0.407s] -- Found rosidl_generator_c: 3.1.4 (/opt/ros/humble/share/rosidl_generator_c/cmake)
[0.414s] -- Found rosidl_adapter: 3.1.4 (/opt/ros/humble/share/rosidl_adapter/cmake)
[0.430s] -- Found rosidl_generator_cpp: 3.1.4 (/opt/ros/humble/share/rosidl_generator_cpp/cmake)
[0.457s] -- Using all available rosidl_typesupport_c: rosidl_typesupport_fastrtps_c;rosidl_typesupport_introspection_c
[0.491s] -- Using all available rosidl_typesupport_cpp: rosidl_typesupport_fastrtps_cpp;rosidl_typesupport_introspection_cpp
[0.613s] -- Found rmw_implementation_cmake: 6.1.1 (/opt/ros/humble/share/rmw_implementation_cmake/cmake)
[0.617s] -- Found rmw_fastrtps_cpp: 6.2.2 (/opt/ros/humble/share/rmw_fastrtps_cpp/cmake)
[0.768s] -- Found OpenSSL: /usr/lib/x86_64-linux-gnu/libcrypto.so (found version "3.0.2")  
[0.805s] -- Found FastRTPS: /opt/ros/humble/include  
[0.871s] -- Using RMW implementation 'rmw_fastrtps_cpp' as default
[0.885s] -- Looking for pthread.h
[1.008s] -- Looking for pthread.h - found
[1.009s] -- Performing Test CMAKE_HAVE_LIBC_PTHREAD
[1.113s] -- Performing Test CMAKE_HAVE_LIBC_PTHREAD - Success
[1.116s] -- Found Threads: TRUE  
[1.509s] -- Configuring done
[1.525s] -- Generating done
[1.527s] -- Build files have been written to: /home/irman/Documents/Programming/CPP/Dagozilla/ROS/build/cpp_pubsub
[1.571s] [ 25%] [32mBuilding CXX object CMakeFiles/listener.dir/src/sub_function.cpp.o[0m
[1.576s] [ 50%] [32mBuilding CXX object CMakeFiles/talker.dir/src/pub_function.cpp.o[0m
[4.348s] [01m[K/home/irman/Documents/Programming/CPP/Dagozilla/ROS/src/cpp_pubsub/src/pub_function.cpp:34:5:[m[K [01;35m[Kwarning: [m[Kfirst argument of ‘[01m[Kint main(char, char**)[m[K’ should be ‘[01m[Kint[m[K’ [[01;35m[K]8;;https://gcc.gnu.org/onlinedocs/gcc/Warning-Options.html#index-Wmain-Wmain]8;;[m[K]
[4.348s]    34 | int [01;35m[Kmain[m[K(char argc, char* argv[]){
[4.348s]       |     [01;35m[K^~~~[m[K
[4.389s] [01m[K/home/irman/Documents/Programming/CPP/Dagozilla/ROS/src/cpp_pubsub/src/sub_function.cpp:23:5:[m[K [01;35m[Kwarning: [m[Kfirst argument of ‘[01m[Kint main(char, char**)[m[K’ should be ‘[01m[Kint[m[K’ [[01;35m[K]8;;https://gcc.gnu.org/onlinedocs/gcc/Warning-Options.html#index-Wmain-Wmain]8;;[m[K]
[4.389s]    23 | int [01;35m[Kmain[m[K(char argc, char* argv[]){
[4.390s]       |     [01;35m[K^~~~[m[K
[6.680s] [ 75%] [32m[1mLinking CXX executable talker[0m
[6.956s] [ 75%] Built target talker
[10.694s] [100%] [32m[1mLinking CXX executable listener[0m
[11.078s] [100%] Built target listener
[11.096s] Invoked command in '/home/irman/Documents/Programming/CPP/Dagozilla/ROS/build/cpp_pubsub' returned '0': CMAKE_PREFIX_PATH=/opt/ros/humble CONDA_PROMPT_MODIFIER=(base) /usr/bin/cmake --build /home/irman/Documents/Programming/CPP/Dagozilla/ROS/build/cpp_pubsub -- -j12 -l12
[11.143s] Invoking command in '/home/irman/Documents/Programming/CPP/Dagozilla/ROS/build/cpp_pubsub': CMAKE_PREFIX_PATH=/opt/ros/humble CONDA_PROMPT_MODIFIER=(base) /usr/bin/cmake --install /home/irman/Documents/Programming/CPP/Dagozilla/ROS/build/cpp_pubsub
[11.154s] -- Install configuration: ""
[11.155s] -- Installing: /home/irman/Documents/Programming/CPP/Dagozilla/ROS/install/cpp_pubsub/lib/cpp_pubsub/talker
[11.157s] -- Set runtime path of "/home/irman/Documents/Programming/CPP/Dagozilla/ROS/install/cpp_pubsub/lib/cpp_pubsub/talker" to ""
[11.157s] -- Installing: /home/irman/Documents/Programming/CPP/Dagozilla/ROS/install/cpp_pubsub/lib/cpp_pubsub/listener
[11.163s] -- Set runtime path of "/home/irman/Documents/Programming/CPP/Dagozilla/ROS/install/cpp_pubsub/lib/cpp_pubsub/listener" to ""
[11.163s] -- Up-to-date: /home/irman/Documents/Programming/CPP/Dagozilla/ROS/install/cpp_pubsub/share/ament_index/resource_index/package_run_dependencies/cpp_pubsub
[11.164s] -- Installing: /home/irman/Documents/Programming/CPP/Dagozilla/ROS/install/cpp_pubsub/share/ament_index/resource_index/parent_prefix_path/cpp_pubsub
[11.164s] -- Up-to-date: /home/irman/Documents/Programming/CPP/Dagozilla/ROS/install/cpp_pubsub/share/cpp_pubsub/environment/ament_prefix_path.sh
[11.164s] -- Installing: /home/irman/Documents/Programming/CPP/Dagozilla/ROS/install/cpp_pubsub/share/cpp_pubsub/environment/ament_prefix_path.dsv
[11.165s] -- Up-to-date: /home/irman/Documents/Programming/CPP/Dagozilla/ROS/install/cpp_pubsub/share/cpp_pubsub/environment/path.sh
[11.165s] -- Installing: /home/irman/Documents/Programming/CPP/Dagozilla/ROS/install/cpp_pubsub/share/cpp_pubsub/environment/path.dsv
[11.165s] -- Up-to-date: /home/irman/Documents/Programming/CPP/Dagozilla/ROS/install/cpp_pubsub/share/cpp_pubsub/local_setup.bash
[11.166s] -- Up-to-date: /home/irman/Documents/Programming/CPP/Dagozilla/ROS/install/cpp_pubsub/share/cpp_pubsub/local_setup.sh
[11.166s] -- Up-to-date: /home/irman/Documents/Programming/CPP/Dagozilla/ROS/install/cpp_pubsub/share/cpp_pubsub/local_setup.zsh
[11.166s] -- Installing: /home/irman/Documents/Programming/CPP/Dagozilla/ROS/install/cpp_pubsub/share/cpp_pubsub/local_setup.dsv
[11.166s] -- Installing: /home/irman/Documents/Programming/CPP/Dagozilla/ROS/install/cpp_pubsub/share/cpp_pubsub/package.dsv
[11.166s] -- Up-to-date: /home/irman/Documents/Programming/CPP/Dagozilla/ROS/install/cpp_pubsub/share/ament_index/resource_index/packages/cpp_pubsub
[11.167s] -- Up-to-date: /home/irman/Documents/Programming/CPP/Dagozilla/ROS/install/cpp_pubsub/share/cpp_pubsub/cmake/cpp_pubsubConfig.cmake
[11.167s] -- Up-to-date: /home/irman/Documents/Programming/CPP/Dagozilla/ROS/install/cpp_pubsub/share/cpp_pubsub/cmake/cpp_pubsubConfig-version.cmake
[11.167s] -- Installing: /home/irman/Documents/Programming/CPP/Dagozilla/ROS/install/cpp_pubsub/share/cpp_pubsub/package.xml
[11.170s] Invoked command in '/home/irman/Documents/Programming/CPP/Dagozilla/ROS/build/cpp_pubsub' returned '0': CMAKE_PREFIX_PATH=/opt/ros/humble CONDA_PROMPT_MODIFIER=(base) /usr/bin/cmake --install /home/irman/Documents/Programming/CPP/Dagozilla/ROS/build/cpp_pubsub
