[0.019s] Invoking command in '/home/irman/Documents/Programming/CPP/Dagozilla/ROS/build/cpp_pubsub': CMAKE_PREFIX_PATH=${CMAKE_PREFIX_PATH}:/opt/ros/humble CONDA_PROMPT_MODIFIER=(base) /usr/bin/cmake /home/irman/Documents/Programming/CPP/Dagozilla/ROS/src/cpp_pubsub -DCMAKE_INSTALL_PREFIX=/home/irman/Documents/Programming/CPP/Dagozilla/ROS/install/cpp_pubsub
[0.110s] -- The C compiler identification is GNU 11.3.0
[0.211s] -- The CXX compiler identification is GNU 11.3.0
[0.222s] -- Detecting C compiler ABI info
[0.333s] -- Detecting C compiler ABI info - done
[0.344s] -- Check for working C compiler: /usr/bin/cc - skipped
[0.344s] -- Detecting C compile features
[0.344s] -- Detecting C compile features - done
[0.349s] -- Detecting CXX compiler ABI info
[0.456s] -- Detecting CXX compiler ABI info - done
[0.467s] -- Check for working CXX compiler: /usr/bin/c++ - skipped
[0.467s] -- Detecting CXX compile features
[0.468s] -- Detecting CXX compile features - done
[0.470s] -- Found ament_cmake: 1.3.3 (/opt/ros/humble/share/ament_cmake/cmake)
[1.375s] -- Found Python3: /home/irman/miniconda3/bin/python3.10 (found version "3.10.9") found components: Interpreter 
[1.515s] -- Found ament_lint_auto: 0.12.5 (/opt/ros/humble/share/ament_lint_auto/cmake)
[1.658s] -- Added test 'lint_cmake' to check CMake code style
[1.660s] -- Added test 'xmllint' to check XML markup files
[1.662s] -- Configuring done
[1.668s] -- Generating done
[1.670s] -- Build files have been written to: /home/irman/Documents/Programming/CPP/Dagozilla/ROS/build/cpp_pubsub
[1.677s] Invoked command in '/home/irman/Documents/Programming/CPP/Dagozilla/ROS/build/cpp_pubsub' returned '0': CMAKE_PREFIX_PATH=${CMAKE_PREFIX_PATH}:/opt/ros/humble CONDA_PROMPT_MODIFIER=(base) /usr/bin/cmake /home/irman/Documents/Programming/CPP/Dagozilla/ROS/src/cpp_pubsub -DCMAKE_INSTALL_PREFIX=/home/irman/Documents/Programming/CPP/Dagozilla/ROS/install/cpp_pubsub
[1.681s] Invoking command in '/home/irman/Documents/Programming/CPP/Dagozilla/ROS/build/cpp_pubsub': CMAKE_PREFIX_PATH=${CMAKE_PREFIX_PATH}:/opt/ros/humble CONDA_PROMPT_MODIFIER=(base) /usr/bin/cmake --build /home/irman/Documents/Programming/CPP/Dagozilla/ROS/build/cpp_pubsub -- -j12 -l12
[1.728s] Invoked command in '/home/irman/Documents/Programming/CPP/Dagozilla/ROS/build/cpp_pubsub' returned '0': CMAKE_PREFIX_PATH=${CMAKE_PREFIX_PATH}:/opt/ros/humble CONDA_PROMPT_MODIFIER=(base) /usr/bin/cmake --build /home/irman/Documents/Programming/CPP/Dagozilla/ROS/build/cpp_pubsub -- -j12 -l12
[1.771s] Invoking command in '/home/irman/Documents/Programming/CPP/Dagozilla/ROS/build/cpp_pubsub': CMAKE_PREFIX_PATH=${CMAKE_PREFIX_PATH}:/opt/ros/humble CONDA_PROMPT_MODIFIER=(base) /usr/bin/cmake --install /home/irman/Documents/Programming/CPP/Dagozilla/ROS/build/cpp_pubsub
[1.777s] -- Install configuration: ""
[1.777s] -- Installing: /home/irman/Documents/Programming/CPP/Dagozilla/ROS/install/cpp_pubsub/share/ament_index/resource_index/package_run_dependencies/cpp_pubsub
[1.778s] -- Installing: /home/irman/Documents/Programming/CPP/Dagozilla/ROS/install/cpp_pubsub/share/ament_index/resource_index/parent_prefix_path/cpp_pubsub
[1.778s] -- Installing: /home/irman/Documents/Programming/CPP/Dagozilla/ROS/install/cpp_pubsub/share/cpp_pubsub/environment/ament_prefix_path.sh
[1.778s] -- Installing: /home/irman/Documents/Programming/CPP/Dagozilla/ROS/install/cpp_pubsub/share/cpp_pubsub/environment/ament_prefix_path.dsv
[1.778s] -- Installing: /home/irman/Documents/Programming/CPP/Dagozilla/ROS/install/cpp_pubsub/share/cpp_pubsub/environment/path.sh
[1.778s] -- Installing: /home/irman/Documents/Programming/CPP/Dagozilla/ROS/install/cpp_pubsub/share/cpp_pubsub/environment/path.dsv
[1.779s] -- Installing: /home/irman/Documents/Programming/CPP/Dagozilla/ROS/install/cpp_pubsub/share/cpp_pubsub/local_setup.bash
[1.779s] -- Installing: /home/irman/Documents/Programming/CPP/Dagozilla/ROS/install/cpp_pubsub/share/cpp_pubsub/local_setup.sh
[1.779s] -- Installing: /home/irman/Documents/Programming/CPP/Dagozilla/ROS/install/cpp_pubsub/share/cpp_pubsub/local_setup.zsh
[1.779s] -- Installing: /home/irman/Documents/Programming/CPP/Dagozilla/ROS/install/cpp_pubsub/share/cpp_pubsub/local_setup.dsv
[1.779s] -- Installing: /home/irman/Documents/Programming/CPP/Dagozilla/ROS/install/cpp_pubsub/share/cpp_pubsub/package.dsv
[1.779s] -- Installing: /home/irman/Documents/Programming/CPP/Dagozilla/ROS/install/cpp_pubsub/share/ament_index/resource_index/packages/cpp_pubsub
[1.780s] -- Installing: /home/irman/Documents/Programming/CPP/Dagozilla/ROS/install/cpp_pubsub/share/cpp_pubsub/cmake/cpp_pubsubConfig.cmake
[1.780s] -- Installing: /home/irman/Documents/Programming/CPP/Dagozilla/ROS/install/cpp_pubsub/share/cpp_pubsub/cmake/cpp_pubsubConfig-version.cmake
[1.780s] -- Installing: /home/irman/Documents/Programming/CPP/Dagozilla/ROS/install/cpp_pubsub/share/cpp_pubsub/package.xml
[1.784s] Invoked command in '/home/irman/Documents/Programming/CPP/Dagozilla/ROS/build/cpp_pubsub' returned '0': CMAKE_PREFIX_PATH=${CMAKE_PREFIX_PATH}:/opt/ros/humble CONDA_PROMPT_MODIFIER=(base) /usr/bin/cmake --install /home/irman/Documents/Programming/CPP/Dagozilla/ROS/build/cpp_pubsub
